
New trap received: Mon Jun  6 14:50:11 2016 for 
Host: localhost
IP: UDP: [127.0.0.1]:54839->[127.0.0.1]:50162
iso.3.6.1.2.1.1.3.0 0:2:32:28.71
iso.3.6.1.6.3.1.1.4.1.0 iso.3.6.1.4.1.41717.10.0.247
iso.3.6.1.4.1.41717.10.1 "apple"
iso.3.6.1.4.1.41717.10.2 2

The ip and status are apple and DANGER-2 
New Trap Inserted: apple,DANGER,1465217411
iso.3.6.1.6.3.18.1.3.0 10.2.3.4
iso.3.6.1.6.3.18.1.4.0 "public"
iso.3.6.1.6.3.1.1.4.3.0 iso.3.6.1.4.1.41717.10

---------------------------------------------------

-------------------NEW INSERTION-------------------

---------------------------------------------------

New trap received: Mon Jun  6 14:50:21 2016 for 
Host: localhost
IP: UDP: [127.0.0.1]:58324->[127.0.0.1]:50162
iso.3.6.1.2.1.1.3.0 0:2:32:40.05
iso.3.6.1.6.3.1.1.4.1.0 iso.3.6.1.4.1.41717.10.0.247
iso.3.6.1.4.1.41717.10.1 "apple"
iso.3.6.1.4.1.41717.10.2 0

The ip and status are apple and OK-0 
Existing Trap 
 Previous status:DANGER
 Previous time:1465217411
 Current status:OK
 Current time:1465217421
iso.3.6.1.6.3.18.1.3.0 10.2.3.4
iso.3.6.1.6.3.18.1.4.0 "public"
iso.3.6.1.6.3.1.1.4.3.0 iso.3.6.1.4.1.41717.10

---------------------------------------------------

-------------------NEW INSERTION-------------------

---------------------------------------------------

New trap received: Mon Jun  6 14:50:36 2016 for 
Host: localhost
IP: UDP: [127.0.0.1]:55141->[127.0.0.1]:50162
iso.3.6.1.2.1.1.3.0 0:2:32:55.11
iso.3.6.1.6.3.1.1.4.1.0 iso.3.6.1.4.1.41717.10.0.247
iso.3.6.1.4.1.41717.10.1 "banana"
iso.3.6.1.4.1.41717.10.2 3

The ip and status are banana and FAIL-3 
New Trap Inserted: banana,FAIL,1465217436
iso.3.6.1.6.3.18.1.3.0 10.2.3.4
iso.3.6.1.6.3.18.1.4.0 "public"
iso.3.6.1.6.3.1.1.4.3.0 iso.3.6.1.4.1.41717.10
sending FAIL trap

---------------------------------------------------

-------------------NEW INSERTION-------------------

---------------------------------------------------

New trap received: Mon Jun  6 14:50:59 2016 for 
Host: localhost
IP: UDP: [127.0.0.1]:58056->[127.0.0.1]:50162
iso.3.6.1.2.1.1.3.0 0:2:33:18.17
iso.3.6.1.6.3.1.1.4.1.0 iso.3.6.1.4.1.41717.10.0.247
iso.3.6.1.4.1.41717.10.1 "banana"
iso.3.6.1.4.1.41717.10.2 0

The ip and status are banana and OK-0 
Existing Trap 
 Previous status:FAIL
 Previous time:1465217436
 Current status:OK
 Current time:1465217459
iso.3.6.1.6.3.18.1.3.0 10.2.3.4
iso.3.6.1.6.3.18.1.4.0 "public"
iso.3.6.1.6.3.1.1.4.3.0 iso.3.6.1.4.1.41717.10

---------------------------------------------------

-------------------NEW INSERTION-------------------

---------------------------------------------------

New trap received: Mon Jun  6 14:51:31 2016 for 
Host: localhost
IP: UDP: [127.0.0.1]:42784->[127.0.0.1]:50162
iso.3.6.1.2.1.1.3.0 0:2:33:50.26
iso.3.6.1.6.3.1.1.4.1.0 iso.3.6.1.4.1.41717.10.0.247
iso.3.6.1.4.1.41717.10.1 "pear"
iso.3.6.1.4.1.41717.10.2 2

The ip and status are pear and DANGER-2 
New Trap Inserted: pear,DANGER,1465217491
iso.3.6.1.6.3.18.1.3.0 10.2.3.4
iso.3.6.1.6.3.18.1.4.0 "public"
iso.3.6.1.6.3.1.1.4.3.0 iso.3.6.1.4.1.41717.10

---------------------------------------------------

-------------------NEW INSERTION-------------------

---------------------------------------------------

New trap received: Mon Jun  6 14:51:53 2016 for 
Host: localhost
IP: UDP: [127.0.0.1]:54333->[127.0.0.1]:50162
iso.3.6.1.2.1.1.3.0 0:2:34:11.78
iso.3.6.1.6.3.1.1.4.1.0 iso.3.6.1.4.1.41717.10.0.247
iso.3.6.1.4.1.41717.10.1 "pineapple"
iso.3.6.1.4.1.41717.10.2 2

The ip and status are pineapple and DANGER-2 
New Trap Inserted: pineapple,DANGER,1465217513
iso.3.6.1.6.3.18.1.3.0 10.2.3.4
iso.3.6.1.6.3.18.1.4.0 "public"
iso.3.6.1.6.3.1.1.4.3.0 iso.3.6.1.4.1.41717.10
sending DANGER trap

---------------------------------------------------

-------------------NEW INSERTION-------------------

---------------------------------------------------

New trap received: Mon Jun  6 14:52:25 2016 for 
Host: localhost
IP: UDP: [127.0.0.1]:42987->[127.0.0.1]:50162
iso.3.6.1.2.1.1.3.0 0:2:34:44.03
iso.3.6.1.6.3.1.1.4.1.0 iso.3.6.1.4.1.41717.10.0.247
iso.3.6.1.4.1.41717.10.1 "banana"
iso.3.6.1.4.1.41717.10.2 2

The ip and status are banana and DANGER-2 
Existing Trap 
 Previous status:OK
 Previous time:1465217459
 Current status:DANGER
 Current time:1465217545
iso.3.6.1.6.3.18.1.3.0 10.2.3.4
iso.3.6.1.6.3.18.1.4.0 "public"
iso.3.6.1.6.3.1.1.4.3.0 iso.3.6.1.4.1.41717.10
sending DANGER trap

---------------------------------------------------

-------------------NEW INSERTION-------------------

---------------------------------------------------

New trap received: Mon Jun  6 14:52:54 2016 for 
Host: localhost
IP: UDP: [127.0.0.1]:32798->[127.0.0.1]:50162
iso.3.6.1.2.1.1.3.0 0:2:35:13.35
iso.3.6.1.6.3.1.1.4.1.0 iso.3.6.1.4.1.41717.10.0.247
iso.3.6.1.4.1.41717.10.1 "apple"
iso.3.6.1.4.1.41717.10.2 3

The ip and status are apple and FAIL-3 
Existing Trap 
 Previous status:OK
 Previous time:1465217421
 Current status:FAIL
 Current time:1465217574
iso.3.6.1.6.3.18.1.3.0 10.2.3.4
iso.3.6.1.6.3.18.1.4.0 "public"
iso.3.6.1.6.3.1.1.4.3.0 iso.3.6.1.4.1.41717.10
sending FAIL trap

---------------------------------------------------

-------------------NEW INSERTION-------------------

---------------------------------------------------

New trap received: Mon Jun  6 14:53:13 2016 for 
Host: localhost
IP: UDP: [127.0.0.1]:34239->[127.0.0.1]:50162
iso.3.6.1.2.1.1.3.0 0:2:35:31.82
iso.3.6.1.6.3.1.1.4.1.0 iso.3.6.1.4.1.41717.10.0.247
iso.3.6.1.4.1.41717.10.1 "banana"
iso.3.6.1.4.1.41717.10.2 0

The ip and status are banana and OK-0 
Existing Trap 
 Previous status:DANGER
 Previous time:1465217545
 Current status:OK
 Current time:1465217593
iso.3.6.1.6.3.18.1.3.0 10.2.3.4
iso.3.6.1.6.3.18.1.4.0 "public"
iso.3.6.1.6.3.1.1.4.3.0 iso.3.6.1.4.1.41717.10

---------------------------------------------------

-------------------NEW INSERTION-------------------

---------------------------------------------------

New trap received: Tue Jun  7 19:08:43 2016 for 
Host: <UNKNOWN>
IP: UDP: [10.1.0.221]:57270->[10.1.0.221]:50162
iso.3.6.1.2.1.1.3.0 0:0:47:45.52
iso.3.6.1.6.3.1.1.4.1.0 iso.3.6.1.4.1.41717.10.0.247
iso.3.6.1.4.1.41717.10.1 "banana"
iso.3.6.1.4.1.41717.10.2 0

The ip and status are banana and OK-0 
New Trap Inserted: banana,OK,1465319323
iso.3.6.1.6.3.18.1.3.0 10.1.0.124
iso.3.6.1.6.3.18.1.4.0 "public"
iso.3.6.1.6.3.1.1.4.3.0 iso.3.6.1.4.1.41717.10

New trap received: Tue Jun  7 19:09:29 2016 for 
Host: <UNKNOWN>
IP: UDP: [10.1.0.221]:60968->[10.1.0.221]:50162
iso.3.6.1.2.1.1.3.0 0:0:48:32.21
iso.3.6.1.6.3.1.1.4.1.0 iso.3.6.1.4.1.41717.10.0.247
iso.3.6.1.4.1.41717.10.1 "apple"
iso.3.6.1.4.1.41717.10.2 0

The ip and status are apple and OK-0 
New Trap Inserted: apple,OK,1465319369
iso.3.6.1.6.3.18.1.3.0 10.1.0.124
iso.3.6.1.6.3.18.1.4.0 "public"
iso.3.6.1.6.3.1.1.4.3.0 iso.3.6.1.4.1.41717.10

New trap received: Tue Jun  7 19:09:33 2016 for 
Host: <UNKNOWN>
IP: UDP: [10.1.0.221]:43155->[10.1.0.221]:50162
iso.3.6.1.2.1.1.3.0 0:0:48:36.04
iso.3.6.1.6.3.1.1.4.1.0 iso.3.6.1.4.1.41717.10.0.247
iso.3.6.1.4.1.41717.10.1 "apple"
iso.3.6.1.4.1.41717.10.2 3

The ip and status are apple and FAIL-3 
Existing Trap 
 Previous status:OK
 Previous time:1465319369
 Current status:FAIL
 Current time:1465319373
iso.3.6.1.6.3.18.1.3.0 10.1.0.124
iso.3.6.1.6.3.18.1.4.0 "public"
iso.3.6.1.6.3.1.1.4.3.0 iso.3.6.1.4.1.41717.10
sending FAIL trap

New trap received: Tue Jun  7 19:10:38 2016 for 
Host: <UNKNOWN>
IP: UDP: [10.1.0.221]:51915->[10.1.0.221]:50162
iso.3.6.1.2.1.1.3.0 0:0:49:40.39
iso.3.6.1.6.3.1.1.4.1.0 iso.3.6.1.4.1.41717.10.0.247
iso.3.6.1.4.1.41717.10.1 "banana"
iso.3.6.1.4.1.41717.10.2 3

The ip and status are banana and FAIL-3 
Existing Trap 
 Previous status:OK
 Previous time:1465319323
 Current status:FAIL
 Current time:1465319438
iso.3.6.1.6.3.18.1.3.0 10.1.0.124
iso.3.6.1.6.3.18.1.4.0 "public"
iso.3.6.1.6.3.1.1.4.3.0 iso.3.6.1.4.1.41717.10
sending FAIL trap

New trap received: Tue Jun  7 19:11:26 2016 for 
Host: <UNKNOWN>
IP: UDP: [10.1.0.221]:40315->[10.1.0.221]:50162
iso.3.6.1.2.1.1.3.0 0:0:50:28.90
iso.3.6.1.6.3.1.1.4.1.0 iso.3.6.1.4.1.41717.10.0.247
iso.3.6.1.4.1.41717.10.1 "banana22"
iso.3.6.1.4.1.41717.10.2 3

The ip and status are banana22 and FAIL-3 
New Trap Inserted: banana22,FAIL,1465319486
iso.3.6.1.6.3.18.1.3.0 10.1.0.124
iso.3.6.1.6.3.18.1.4.0 "public"
iso.3.6.1.6.3.1.1.4.3.0 iso.3.6.1.4.1.41717.10
sending FAIL trap

New trap received: Tue Jun  7 19:31:59 2016 for 
Host: localhost
IP: UDP: [127.0.0.1]:35271->[127.0.0.1]:50162
iso.3.6.1.2.1.1.3.0 0:1:11:01.80
iso.3.6.1.6.3.1.1.4.1.0 iso.3.6.1.4.1.41717.10.0.247
iso.3.6.1.4.1.41717.10.1 "banana"
iso.3.6.1.4.1.41717.10.2 3

The ip and status are banana and FAIL-3 
Existing Trap 
 Previous status:FAIL
 Previous time:1465319438
 Current status:FAIL
 Current time:1465320719
iso.3.6.1.6.3.18.1.3.0 192.168.1.1
iso.3.6.1.6.3.18.1.4.0 "public"
iso.3.6.1.6.3.1.1.4.3.0 iso.3.6.1.4.1.41717.10
sending FAIL trap

New trap received: Tue Jun  7 19:35:25 2016 for 
Host: localhost
IP: UDP: [127.0.0.1]:38733->[127.0.0.1]:50162
iso.3.6.1.2.1.1.3.0 0:1:14:27.75
iso.3.6.1.6.3.1.1.4.1.0 iso.3.6.1.4.1.41717.10.0.247
iso.3.6.1.4.1.41717.10.1 "banana"
iso.3.6.1.4.1.41717.10.2 3

The ip and status are banana and FAIL-3 
Existing Trap 
 Previous status:FAIL
 Previous time:1465320719
 Current status:FAIL
 Current time:1465320925
iso.3.6.1.6.3.18.1.3.0 192.168.1.1
iso.3.6.1.6.3.18.1.4.0 "public"
iso.3.6.1.6.3.1.1.4.3.0 iso.3.6.1.4.1.41717.10
sending FAIL trap
